{"/Users/manees/dev/Garage360/web/src/App.tsx": {"path":"/Users/manees/dev/Garage360/web/src/App.tsx","statementMap":{"0":{"start":{"line":8,"column":26},"end":{"line":8,"column":null}},"1":{"start":{"line":10,"column":2},"end":{"line":38,"column":null}},"2":{"start":{"line":43,"column":2},"end":{"line":43,"column":null}},"3":{"start":{"line":46,"column":2},"end":{"line":46,"column":null}},"4":{"start":{"line":49,"column":2},"end":{"line":49,"column":null}},"5":{"start":{"line":52,"column":2},"end":{"line":52,"column":null}},"6":{"start":{"line":55,"column":2},"end":{"line":55,"column":null}},"7":{"start":{"line":58,"column":2},"end":{"line":58,"column":null}},"8":{"start":{"line":61,"column":2},"end":{"line":61,"column":null}},"9":{"start":{"line":64,"column":2},"end":{"line":64,"column":null}},"10":{"start":{"line":67,"column":2},"end":{"line":67,"column":null}},"11":{"start":{"line":70,"column":2},"end":{"line":70,"column":null}},"12":{"start":{"line":73,"column":2},"end":{"line":73,"column":null}},"13":{"start":{"line":76,"column":2},"end":{"line":76,"column":null}}},"fnMap":{"0":{"name":"App","decl":{"start":{"line":7,"column":24},"end":{"line":7,"column":30}},"loc":{"start":{"line":7,"column":30},"end":{"line":40,"column":null}},"line":7},"1":{"name":"DashboardPage","decl":{"start":{"line":42,"column":9},"end":{"line":42,"column":25}},"loc":{"start":{"line":42,"column":25},"end":{"line":44,"column":null}},"line":42},"2":{"name":"CustomersPage","decl":{"start":{"line":45,"column":9},"end":{"line":45,"column":25}},"loc":{"start":{"line":45,"column":25},"end":{"line":47,"column":null}},"line":45},"3":{"name":"VehiclesPage","decl":{"start":{"line":48,"column":9},"end":{"line":48,"column":24}},"loc":{"start":{"line":48,"column":24},"end":{"line":50,"column":null}},"line":48},"4":{"name":"JobsPage","decl":{"start":{"line":51,"column":9},"end":{"line":51,"column":20}},"loc":{"start":{"line":51,"column":20},"end":{"line":53,"column":null}},"line":51},"5":{"name":"InventoryPage","decl":{"start":{"line":54,"column":9},"end":{"line":54,"column":25}},"loc":{"start":{"line":54,"column":25},"end":{"line":56,"column":null}},"line":54},"6":{"name":"PurchasesPage","decl":{"start":{"line":57,"column":9},"end":{"line":57,"column":25}},"loc":{"start":{"line":57,"column":25},"end":{"line":59,"column":null}},"line":57},"7":{"name":"BillingPage","decl":{"start":{"line":60,"column":9},"end":{"line":60,"column":23}},"loc":{"start":{"line":60,"column":23},"end":{"line":62,"column":null}},"line":60},"8":{"name":"DVIPage","decl":{"start":{"line":63,"column":9},"end":{"line":63,"column":19}},"loc":{"start":{"line":63,"column":19},"end":{"line":65,"column":null}},"line":63},"9":{"name":"AssetsPage","decl":{"start":{"line":66,"column":9},"end":{"line":66,"column":22}},"loc":{"start":{"line":66,"column":22},"end":{"line":68,"column":null}},"line":66},"10":{"name":"HRPage","decl":{"start":{"line":69,"column":9},"end":{"line":69,"column":18}},"loc":{"start":{"line":69,"column":18},"end":{"line":71,"column":null}},"line":69},"11":{"name":"ReportsPage","decl":{"start":{"line":72,"column":9},"end":{"line":72,"column":23}},"loc":{"start":{"line":72,"column":23},"end":{"line":74,"column":null}},"line":72},"12":{"name":"SettingsPage","decl":{"start":{"line":75,"column":9},"end":{"line":75,"column":24}},"loc":{"start":{"line":75,"column":24},"end":{"line":77,"column":null}},"line":75}},"branchMap":{"0":{"loc":{"start":{"line":19,"column":10},"end":{"line":19,"column":null}},"type":"cond-expr","locations":[{"start":{"line":19,"column":28},"end":{"line":19,"column":45}},{"start":{"line":19,"column":45},"end":{"line":19,"column":null}}],"line":19}},"s":{"0":30,"1":30,"2":6,"3":2,"4":1,"5":1,"6":1,"7":1,"8":1,"9":1,"10":1,"11":1,"12":1,"13":1},"f":{"0":30,"1":6,"2":2,"3":1,"4":1,"5":1,"6":1,"7":1,"8":1,"9":1,"10":1,"11":1,"12":1},"b":{"0":[18,12]},"meta":{"lastBranch":1,"lastFunction":13,"lastStatement":14,"seen":{"f:7:24:7:30":0,"s:8:26:8:Infinity":0,"s:10:2:38:Infinity":1,"b:19:28:19:45:19:45:19:Infinity":0,"f:42:9:42:25":1,"s:43:2:43:Infinity":2,"f:45:9:45:25":2,"s:46:2:46:Infinity":3,"f:48:9:48:24":3,"s:49:2:49:Infinity":4,"f:51:9:51:20":4,"s:52:2:52:Infinity":5,"f:54:9:54:25":5,"s:55:2:55:Infinity":6,"f:57:9:57:25":6,"s:58:2:58:Infinity":7,"f:60:9:60:23":7,"s:61:2:61:Infinity":8,"f:63:9:63:19":8,"s:64:2:64:Infinity":9,"f:66:9:66:22":9,"s:67:2:67:Infinity":10,"f:69:9:69:18":10,"s:70:2:70:Infinity":11,"f:72:9:72:23":11,"s:73:2:73:Infinity":12,"f:75:9:75:24":12,"s:76:2:76:Infinity":13}}}
,"/Users/manees/dev/Garage360/web/src/api/client.ts": {"path":"/Users/manees/dev/Garage360/web/src/api/client.ts","statementMap":{"0":{"start":{"line":4,"column":12},"end":{"line":9,"column":null}},"1":{"start":{"line":11,"column":0},"end":{"line":20,"column":null}},"2":{"start":{"line":13,"column":18},"end":{"line":13,"column":null}},"3":{"start":{"line":14,"column":4},"end":{"line":16,"column":null}},"4":{"start":{"line":15,"column":6},"end":{"line":15,"column":null}},"5":{"start":{"line":17,"column":4},"end":{"line":17,"column":null}},"6":{"start":{"line":19,"column":13},"end":{"line":19,"column":null}},"7":{"start":{"line":22,"column":0},"end":{"line":46,"column":null}},"8":{"start":{"line":23,"column":16},"end":{"line":23,"column":null}},"9":{"start":{"line":25,"column":4},"end":{"line":43,"column":null}},"10":{"start":{"line":26,"column":27},"end":{"line":26,"column":null}},"11":{"start":{"line":27,"column":6},"end":{"line":42,"column":null}},"12":{"start":{"line":28,"column":8},"end":{"line":41,"column":null}},"13":{"start":{"line":29,"column":27},"end":{"line":31,"column":null}},"14":{"start":{"line":32,"column":50},"end":{"line":32,"column":null}},"15":{"start":{"line":33,"column":10},"end":{"line":33,"column":null}},"16":{"start":{"line":35,"column":10},"end":{"line":38,"column":null}},"17":{"start":{"line":36,"column":12},"end":{"line":36,"column":null}},"18":{"start":{"line":37,"column":12},"end":{"line":37,"column":null}},"19":{"start":{"line":40,"column":10},"end":{"line":40,"column":null}},"20":{"start":{"line":44,"column":4},"end":{"line":44,"column":null}}},"fnMap":{"0":{"name":"(anonymous_0)","decl":{"start":{"line":12,"column":2},"end":{"line":12,"column":3}},"loc":{"start":{"line":12,"column":42},"end":{"line":18,"column":null}},"line":12},"1":{"name":"(anonymous_1)","decl":{"start":{"line":19,"column":2},"end":{"line":19,"column":3}},"loc":{"start":{"line":19,"column":13},"end":{"line":19,"column":null}},"line":19},"2":{"name":"(anonymous_2)","decl":{"start":{"line":23,"column":2},"end":{"line":23,"column":3}},"loc":{"start":{"line":23,"column":16},"end":{"line":23,"column":null}},"line":23},"3":{"name":"(anonymous_3)","decl":{"start":{"line":24,"column":2},"end":{"line":24,"column":9}},"loc":{"start":{"line":24,"column":31},"end":{"line":45,"column":null}},"line":24}},"branchMap":{"0":{"loc":{"start":{"line":14,"column":4},"end":{"line":16,"column":null}},"type":"if","locations":[{"start":{"line":14,"column":4},"end":{"line":16,"column":null}},{"start":{},"end":{}}],"line":14},"1":{"loc":{"start":{"line":14,"column":8},"end":{"line":14,"column":33}},"type":"binary-expr","locations":[{"start":{"line":14,"column":8},"end":{"line":14,"column":17}},{"start":{"line":14,"column":17},"end":{"line":14,"column":33}}],"line":14},"2":{"loc":{"start":{"line":25,"column":4},"end":{"line":43,"column":null}},"type":"if","locations":[{"start":{"line":25,"column":4},"end":{"line":43,"column":null}},{"start":{},"end":{}}],"line":25},"3":{"loc":{"start":{"line":27,"column":6},"end":{"line":42,"column":null}},"type":"if","locations":[{"start":{"line":27,"column":6},"end":{"line":42,"column":null}},{"start":{},"end":{}}],"line":27},"4":{"loc":{"start":{"line":35,"column":10},"end":{"line":38,"column":null}},"type":"if","locations":[{"start":{"line":35,"column":10},"end":{"line":38,"column":null}},{"start":{},"end":{}}],"line":35},"5":{"loc":{"start":{"line":35,"column":14},"end":{"line":35,"column":52}},"type":"binary-expr","locations":[{"start":{"line":35,"column":14},"end":{"line":35,"column":30}},{"start":{"line":35,"column":30},"end":{"line":35,"column":52}}],"line":35}},"s":{"0":3,"1":3,"2":0,"3":0,"4":0,"5":0,"6":0,"7":3,"8":0,"9":0,"10":0,"11":0,"12":0,"13":0,"14":0,"15":0,"16":0,"17":0,"18":0,"19":0,"20":0},"f":{"0":0,"1":0,"2":0,"3":0},"b":{"0":[0,0],"1":[0,0],"2":[0,0],"3":[0,0],"4":[0,0],"5":[0,0]},"meta":{"lastBranch":6,"lastFunction":4,"lastStatement":21,"seen":{"s:4:12:9:Infinity":0,"s:11:0:20:Infinity":1,"f:12:2:12:3":0,"s:13:18:13:Infinity":2,"b:14:4:16:Infinity:undefined:undefined:undefined:undefined":0,"s:14:4:16:Infinity":3,"b:14:8:14:17:14:17:14:33":1,"s:15:6:15:Infinity":4,"s:17:4:17:Infinity":5,"f:19:2:19:3":1,"s:19:13:19:Infinity":6,"s:22:0:46:Infinity":7,"f:23:2:23:3":2,"s:23:16:23:Infinity":8,"f:24:2:24:9":3,"b:25:4:43:Infinity:undefined:undefined:undefined:undefined":2,"s:25:4:43:Infinity":9,"s:26:27:26:Infinity":10,"b:27:6:42:Infinity:undefined:undefined:undefined:undefined":3,"s:27:6:42:Infinity":11,"s:28:8:41:Infinity":12,"s:29:27:31:Infinity":13,"s:32:50:32:Infinity":14,"s:33:10:33:Infinity":15,"b:35:10:38:Infinity:undefined:undefined:undefined:undefined":4,"s:35:10:38:Infinity":16,"b:35:14:35:30:35:30:35:52":5,"s:36:12:36:Infinity":17,"s:37:12:37:Infinity":18,"s:40:10:40:Infinity":19,"s:44:4:44:Infinity":20}}}
,"/Users/manees/dev/Garage360/web/src/components/ui/button.tsx": {"path":"/Users/manees/dev/Garage360/web/src/components/ui/button.tsx","statementMap":{"0":{"start":{"line":6,"column":6},"end":{"line":30,"column":null}},"1":{"start":{"line":38,"column":15},"end":{"line":49,"column":null}},"2":{"start":{"line":40,"column":17},"end":{"line":40,"column":null}},"3":{"start":{"line":41,"column":4},"end":{"line":46,"column":null}},"4":{"start":{"line":50,"column":0},"end":{"line":50,"column":null}}},"fnMap":{"0":{"name":"(anonymous_0)","decl":{"start":{"line":39,"column":2},"end":{"line":39,"column":3}},"loc":{"start":{"line":39,"column":68},"end":{"line":48,"column":null}},"line":39}},"branchMap":{"0":{"loc":{"start":{"line":39,"column":31},"end":{"line":39,"column":48}},"type":"default-arg","locations":[{"start":{"line":39,"column":41},"end":{"line":39,"column":48}}],"line":39},"1":{"loc":{"start":{"line":40,"column":17},"end":{"line":40,"column":null}},"type":"cond-expr","locations":[{"start":{"line":40,"column":27},"end":{"line":40,"column":34}},{"start":{"line":40,"column":34},"end":{"line":40,"column":null}}],"line":40}},"s":{"0":5,"1":5,"2":81,"3":81,"4":5},"f":{"0":81},"b":{"0":[81],"1":[0,81]},"meta":{"lastBranch":2,"lastFunction":1,"lastStatement":5,"seen":{"s:6:6:30:Infinity":0,"s:38:15:49:Infinity":1,"f:39:2:39:3":0,"b:39:41:39:48":0,"s:40:17:40:Infinity":2,"b:40:27:40:34:40:34:40:Infinity":1,"s:41:4:46:Infinity":3,"s:50:0:50:Infinity":4}}}
,"/Users/manees/dev/Garage360/web/src/components/ui/input.tsx": {"path":"/Users/manees/dev/Garage360/web/src/components/ui/input.tsx","statementMap":{"0":{"start":{"line":6,"column":14},"end":{"line":20,"column":null}},"1":{"start":{"line":8,"column":4},"end":{"line":17,"column":null}},"2":{"start":{"line":21,"column":0},"end":{"line":21,"column":null}}},"fnMap":{"0":{"name":"(anonymous_0)","decl":{"start":{"line":7,"column":2},"end":{"line":7,"column":3}},"loc":{"start":{"line":7,"column":42},"end":{"line":19,"column":null}},"line":7}},"branchMap":{},"s":{"0":5,"1":87,"2":5},"f":{"0":87},"b":{},"meta":{"lastBranch":0,"lastFunction":1,"lastStatement":3,"seen":{"s:6:14:20:Infinity":0,"f:7:2:7:3":0,"s:8:4:17:Infinity":1,"s:21:0:21:Infinity":2}}}
,"/Users/manees/dev/Garage360/web/src/components/ui/label.tsx": {"path":"/Users/manees/dev/Garage360/web/src/components/ui/label.tsx","statementMap":{"0":{"start":{"line":5,"column":14},"end":{"line":17,"column":null}},"1":{"start":{"line":9,"column":2},"end":{"line":16,"column":null}},"2":{"start":{"line":18,"column":0},"end":{"line":18,"column":null}}},"fnMap":{"0":{"name":"(anonymous_0)","decl":{"start":{"line":8,"column":2},"end":{"line":8,"column":3}},"loc":{"start":{"line":9,"column":2},"end":{"line":16,"column":null}},"line":9}},"branchMap":{},"s":{"0":4,"1":82,"2":4},"f":{"0":82},"b":{},"meta":{"lastBranch":0,"lastFunction":1,"lastStatement":3,"seen":{"s:5:14:17:Infinity":0,"f:8:2:8:3":0,"s:9:2:16:Infinity":1,"s:18:0:18:Infinity":2}}}
,"/Users/manees/dev/Garage360/web/src/i18n/index.ts": {"path":"/Users/manees/dev/Garage360/web/src/i18n/index.ts","statementMap":{"0":{"start":{"line":4,"column":0},"end":{"line":49,"column":null}}},"fnMap":{},"branchMap":{},"s":{"0":1},"f":{},"b":{},"meta":{"lastBranch":0,"lastFunction":0,"lastStatement":1,"seen":{"s:4:0:49:Infinity":0}}}
,"/Users/manees/dev/Garage360/web/src/layouts/AuthLayout.tsx": {"path":"/Users/manees/dev/Garage360/web/src/layouts/AuthLayout.tsx","statementMap":{"0":{"start":{"line":4,"column":2},"end":{"line":15,"column":null}}},"fnMap":{"0":{"name":"AuthLayout","decl":{"start":{"line":3,"column":16},"end":{"line":3,"column":29}},"loc":{"start":{"line":3,"column":29},"end":{"line":17,"column":null}},"line":3}},"branchMap":{},"s":{"0":19},"f":{"0":19},"b":{},"meta":{"lastBranch":0,"lastFunction":1,"lastStatement":1,"seen":{"f:3:16:3:29":0,"s:4:2:15:Infinity":0}}}
,"/Users/manees/dev/Garage360/web/src/layouts/MainLayout.tsx": {"path":"/Users/manees/dev/Garage360/web/src/layouts/MainLayout.tsx","statementMap":{"0":{"start":{"line":24,"column":19},"end":{"line":37,"column":null}},"1":{"start":{"line":40,"column":36},"end":{"line":40,"column":null}},"2":{"start":{"line":41,"column":23},"end":{"line":41,"column":null}},"3":{"start":{"line":43,"column":2},"end":{"line":107,"column":null}},"4":{"start":{"line":50,"column":29},"end":{"line":50,"column":null}},"5":{"start":{"line":75,"column":12},"end":{"line":90,"column":null}},"6":{"start":{"line":78,"column":37},"end":{"line":84,"column":null}},"7":{"start":{"line":86,"column":29},"end":{"line":86,"column":null}},"8":{"start":{"line":98,"column":25},"end":{"line":98,"column":null}}},"fnMap":{"0":{"name":"MainLayout","decl":{"start":{"line":39,"column":16},"end":{"line":39,"column":29}},"loc":{"start":{"line":39,"column":29},"end":{"line":109,"column":null}},"line":39},"1":{"name":"(anonymous_1)","decl":{"start":{"line":50,"column":23},"end":{"line":50,"column":29}},"loc":{"start":{"line":50,"column":29},"end":{"line":50,"column":null}},"line":50},"2":{"name":"(anonymous_2)","decl":{"start":{"line":74,"column":26},"end":{"line":74,"column":27}},"loc":{"start":{"line":75,"column":12},"end":{"line":90,"column":null}},"line":75},"3":{"name":"(anonymous_3)","decl":{"start":{"line":78,"column":25},"end":{"line":78,"column":26}},"loc":{"start":{"line":78,"column":37},"end":{"line":84,"column":null}},"line":78},"4":{"name":"(anonymous_4)","decl":{"start":{"line":86,"column":23},"end":{"line":86,"column":29}},"loc":{"start":{"line":86,"column":29},"end":{"line":86,"column":null}},"line":86},"5":{"name":"(anonymous_5)","decl":{"start":{"line":98,"column":19},"end":{"line":98,"column":25}},"loc":{"start":{"line":98,"column":25},"end":{"line":98,"column":null}},"line":98}},"branchMap":{"0":{"loc":{"start":{"line":52,"column":15},"end":{"line":52,"column":null}},"type":"cond-expr","locations":[{"start":{"line":52,"column":29},"end":{"line":52,"column":37}},{"start":{"line":52,"column":37},"end":{"line":52,"column":null}}],"line":52},"1":{"loc":{"start":{"line":70,"column":10},"end":{"line":70,"column":null}},"type":"cond-expr","locations":[{"start":{"line":70,"column":24},"end":{"line":70,"column":42}},{"start":{"line":70,"column":42},"end":{"line":70,"column":null}}],"line":70},"2":{"loc":{"start":{"line":81,"column":18},"end":{"line":83,"column":null}},"type":"cond-expr","locations":[{"start":{"line":82,"column":22},"end":{"line":82,"column":null}},{"start":{"line":83,"column":22},"end":{"line":83,"column":null}}],"line":81},"3":{"loc":{"start":{"line":95,"column":7},"end":{"line":99,"column":null}},"type":"binary-expr","locations":[{"start":{"line":95,"column":7},"end":{"line":95,"column":null}},{"start":{"line":96,"column":8},"end":{"line":99,"column":null}}],"line":95}},"s":{"0":3,"1":25,"2":25,"3":25,"4":0,"5":300,"6":312,"7":0,"8":0},"f":{"0":25,"1":0,"2":300,"3":312,"4":0,"5":0},"b":{"0":[0,25],"1":[0,25],"2":[19,293],"3":[25,0]},"meta":{"lastBranch":4,"lastFunction":6,"lastStatement":9,"seen":{"s:24:19:37:Infinity":0,"f:39:16:39:29":0,"s:40:36:40:Infinity":1,"s:41:23:41:Infinity":2,"s:43:2:107:Infinity":3,"f:50:23:50:29":1,"s:50:29:50:Infinity":4,"b:52:29:52:37:52:37:52:Infinity":0,"b:70:24:70:42:70:42:70:Infinity":1,"f:74:26:74:27":2,"s:75:12:90:Infinity":5,"f:78:25:78:26":3,"s:78:37:84:Infinity":6,"b:82:22:82:Infinity:83:22:83:Infinity":2,"f:86:23:86:29":4,"s:86:29:86:Infinity":7,"b:95:7:95:Infinity:96:8:99:Infinity":3,"f:98:19:98:25":5,"s:98:25:98:Infinity":8}}}
,"/Users/manees/dev/Garage360/web/src/lib/utils.ts": {"path":"/Users/manees/dev/Garage360/web/src/lib/utils.ts","statementMap":{"0":{"start":{"line":5,"column":2},"end":{"line":5,"column":null}}},"fnMap":{"0":{"name":"cn","decl":{"start":{"line":4,"column":16},"end":{"line":4,"column":22}},"loc":{"start":{"line":4,"column":44},"end":{"line":6,"column":null}},"line":4}},"branchMap":{},"s":{"0":597},"f":{"0":597},"b":{},"meta":{"lastBranch":0,"lastFunction":1,"lastStatement":1,"seen":{"f:4:16:4:22":0,"s:5:2:5:Infinity":0}}}
,"/Users/manees/dev/Garage360/web/src/modules/auth/index.ts": {"path":"/Users/manees/dev/Garage360/web/src/modules/auth/index.ts","statementMap":{"0":{"start":{"line":1,"column":0},"end":{"line":1,"column":null}}},"fnMap":{},"branchMap":{},"s":{"0":0},"f":{},"b":{},"meta":{"lastBranch":0,"lastFunction":0,"lastStatement":1,"seen":{"s:1:0:1:Infinity":0}}}
,"/Users/manees/dev/Garage360/web/src/modules/auth/pages/LoginPage.tsx": {"path":"/Users/manees/dev/Garage360/web/src/modules/auth/pages/LoginPage.tsx","statementMap":{"0":{"start":{"line":12,"column":20},"end":{"line":15,"column":null}},"1":{"start":{"line":36,"column":25},"end":{"line":36,"column":null}},"2":{"start":{"line":42,"column":2},"end":{"line":44,"column":null}},"3":{"start":{"line":46,"column":8},"end":{"line":69,"column":null}},"4":{"start":{"line":48,"column":23},"end":{"line":48,"column":null}},"5":{"start":{"line":49,"column":6},"end":{"line":49,"column":null}},"6":{"start":{"line":52,"column":6},"end":{"line":62,"column":null}},"7":{"start":{"line":65,"column":18},"end":{"line":65,"column":null}},"8":{"start":{"line":66,"column":22},"end":{"line":66,"column":null}},"9":{"start":{"line":67,"column":6},"end":{"line":67,"column":null}},"10":{"start":{"line":71,"column":2},"end":{"line":120,"column":null}},"11":{"start":{"line":72,"column":43},"end":{"line":72,"column":69}}},"fnMap":{"0":{"name":"LoginPage","decl":{"start":{"line":35,"column":16},"end":{"line":35,"column":28}},"loc":{"start":{"line":35,"column":28},"end":{"line":122,"column":null}},"line":35},"1":{"name":"(anonymous_1)","decl":{"start":{"line":47,"column":16},"end":{"line":47,"column":23}},"loc":{"start":{"line":47,"column":43},"end":{"line":50,"column":null}},"line":47},"2":{"name":"(anonymous_2)","decl":{"start":{"line":51,"column":15},"end":{"line":51,"column":16}},"loc":{"start":{"line":51,"column":25},"end":{"line":63,"column":null}},"line":51},"3":{"name":"(anonymous_3)","decl":{"start":{"line":64,"column":13},"end":{"line":64,"column":14}},"loc":{"start":{"line":64,"column":33},"end":{"line":68,"column":null}},"line":64},"4":{"name":"(anonymous_4)","decl":{"start":{"line":72,"column":33},"end":{"line":72,"column":34}},"loc":{"start":{"line":72,"column":43},"end":{"line":72,"column":69}},"line":72}},"branchMap":{"0":{"loc":{"start":{"line":66,"column":22},"end":{"line":66,"column":null}},"type":"binary-expr","locations":[{"start":{"line":66,"column":22},"end":{"line":66,"column":60}},{"start":{"line":66,"column":60},"end":{"line":66,"column":null}}],"line":66},"1":{"loc":{"start":{"line":81,"column":23},"end":{"line":81,"column":null}},"type":"cond-expr","locations":[{"start":{"line":81,"column":38},"end":{"line":81,"column":61}},{"start":{"line":81,"column":61},"end":{"line":81,"column":null}}],"line":81},"2":{"loc":{"start":{"line":83,"column":11},"end":{"line":84,"column":null}},"type":"binary-expr","locations":[{"start":{"line":83,"column":11},"end":{"line":83,"column":null}},{"start":{"line":84,"column":12},"end":{"line":84,"column":null}}],"line":83},"3":{"loc":{"start":{"line":95,"column":23},"end":{"line":95,"column":null}},"type":"cond-expr","locations":[{"start":{"line":95,"column":41},"end":{"line":95,"column":64}},{"start":{"line":95,"column":64},"end":{"line":95,"column":null}}],"line":95},"4":{"loc":{"start":{"line":97,"column":11},"end":{"line":98,"column":null}},"type":"binary-expr","locations":[{"start":{"line":97,"column":11},"end":{"line":97,"column":null}},{"start":{"line":98,"column":12},"end":{"line":98,"column":null}}],"line":97},"5":{"loc":{"start":{"line":107,"column":11},"end":{"line":107,"column":88}},"type":"binary-expr","locations":[{"start":{"line":107,"column":11},"end":{"line":107,"column":38}},{"start":{"line":107,"column":38},"end":{"line":107,"column":88}}],"line":107}},"s":{"0":3,"1":36,"2":36,"3":36,"4":0,"5":0,"6":0,"7":0,"8":0,"9":0,"10":36,"11":0},"f":{"0":36,"1":0,"2":0,"3":0,"4":0},"b":{"0":[0,0],"1":[0,36],"2":[36,0],"3":[0,36],"4":[36,0],"5":[36,0]},"meta":{"lastBranch":6,"lastFunction":5,"lastStatement":12,"seen":{"s:12:20:15:Infinity":0,"f:35:16:35:28":0,"s:36:25:36:Infinity":1,"s:42:2:44:Infinity":2,"s:46:8:69:Infinity":3,"f:47:16:47:23":1,"s:48:23:48:Infinity":4,"s:49:6:49:Infinity":5,"f:51:15:51:16":2,"s:52:6:62:Infinity":6,"f:64:13:64:14":3,"s:65:18:65:Infinity":7,"s:66:22:66:Infinity":8,"b:66:22:66:60:66:60:66:Infinity":0,"s:67:6:67:Infinity":9,"s:71:2:120:Infinity":10,"f:72:33:72:34":4,"s:72:43:72:69":11,"b:81:38:81:61:81:61:81:Infinity":1,"b:83:11:83:Infinity:84:12:84:Infinity":2,"b:95:41:95:64:95:64:95:Infinity":3,"b:97:11:97:Infinity:98:12:98:Infinity":4,"b:107:11:107:38:107:38:107:88":5}}}
,"/Users/manees/dev/Garage360/web/src/store/auth.ts": {"path":"/Users/manees/dev/Garage360/web/src/store/auth.ts","statementMap":{"0":{"start":{"line":22,"column":13},"end":{"line":53,"column":null}},"1":{"start":{"line":24,"column":14},"end":{"line":48,"column":null}},"2":{"start":{"line":31,"column":8},"end":{"line":36,"column":null}},"3":{"start":{"line":39,"column":8},"end":{"line":44,"column":null}},"4":{"start":{"line":47,"column":8},"end":{"line":47,"column":null}}},"fnMap":{"0":{"name":"(anonymous_0)","decl":{"start":{"line":24,"column":4},"end":{"line":24,"column":5}},"loc":{"start":{"line":24,"column":14},"end":{"line":48,"column":null}},"line":24},"1":{"name":"(anonymous_1)","decl":{"start":{"line":30,"column":13},"end":{"line":30,"column":14}},"loc":{"start":{"line":31,"column":8},"end":{"line":36,"column":null}},"line":31},"2":{"name":"(anonymous_2)","decl":{"start":{"line":38,"column":14},"end":{"line":38,"column":null}},"loc":{"start":{"line":39,"column":8},"end":{"line":44,"column":null}},"line":39},"3":{"name":"(anonymous_3)","decl":{"start":{"line":46,"column":17},"end":{"line":46,"column":18}},"loc":{"start":{"line":47,"column":8},"end":{"line":47,"column":null}},"line":47}},"branchMap":{},"s":{"0":2,"1":2,"2":0,"3":0,"4":0},"f":{"0":2,"1":0,"2":0,"3":0},"b":{},"meta":{"lastBranch":0,"lastFunction":4,"lastStatement":5,"seen":{"s:22:13:53:Infinity":0,"f:24:4:24:5":0,"s:24:14:48:Infinity":1,"f:30:13:30:14":1,"s:31:8:36:Infinity":2,"f:38:14:38:Infinity":2,"s:39:8:44:Infinity":3,"f:46:17:46:18":3,"s:47:8:47:Infinity":4}}}
}
